Workflow initiated on 07/12/19 at 19:43

Setting the Environment for the GFS Workflow
determined the timestamp to download: 2019071212
Creating THREDDS file structure
All done setting up folders, on to do work

Beginning to process on 07/12/19 at 19:43

Starting GFS grib Downloads
downloading 2019071218.grb (step 006 of 084)
  Download took 12.504585981369019
downloading 2019071300.grb (step 012 of 084)
  Download took 12.437232971191406
downloading 2019071306.grb (step 018 of 084)
  Download took 9.881680727005005
downloading 2019071312.grb (step 024 of 084)
  Download took 10.499858856201172
downloading 2019071318.grb (step 030 of 084)
  Download took 12.822174072265625
downloading 2019071400.grb (step 036 of 084)
  Download took 11.042718887329102
downloading 2019071406.grb (step 042 of 084)
  Download took 12.213414907455444
downloading 2019071412.grb (step 048 of 084)
  Download took 11.517933130264282
downloading 2019071418.grb (step 054 of 084)
  Download took 13.18912386894226
downloading 2019071500.grb (step 060 of 084)
  Download took 11.56822681427002
downloading 2019071506.grb (step 066 of 084)
  Download took 9.894110918045044
downloading 2019071512.grb (step 072 of 084)
  Download took 9.662724018096924
downloading 2019071518.grb (step 078 of 084)
  Download took 12.532847881317139
downloading 2019071600.grb (step 084 of 084)
  Download took 14.73681092262268
Finished Downloads

Setting new WMS bounds
Wrote boundaries to /Users/rileyhales/tethys/src/tethys_apps/tethysapp/gfs/public/js/bounds.js

Starting Grib Conversions
working on level atmosphere
working on level depthBelowLandLayer
working on level heightAboveGround
working on level heightAboveGroundLayer
working on level heightAboveSea
working on level hybrid
working on level isothermZero
working on level isobaricInPa
working on level isobaricInhPa
working on level maxWind
working on level meanSea
working on level nominalTop
working on level potentialVorticity
working on level pressureFromGroundLayer
working on level sigma
working on level sigmaLayer
working on level surface
working on level tropopause
working on level unknown
Conversion Completed

Writing a new ncml file for this date
wrote ncml for atmosphere
wrote ncml for depthBelowLandLayer
wrote ncml for heightAboveGround
wrote ncml for heightAboveGroundLayer
wrote ncml for heightAboveSea
wrote ncml for hybrid
wrote ncml for isothermZero
wrote ncml for isobaricInPa
wrote ncml for isobaricInhPa
wrote ncml for maxWind
wrote ncml for meanSea
wrote ncml for nominalTop
wrote ncml for potentialVorticity
wrote ncml for pressureFromGroundLayer
wrote ncml for sigma
wrote ncml for sigmaLayer
wrote ncml for surface
wrote ncml for tropopause
wrote ncml for unknown
Getting rid of old data folders
Done

All finished- writing the timestamp used on this run to a txt file


GFS Workflow completed successfully on 07/12/19 at 19:55
Not Found: /favicon.ico
"GET /favicon.ico HTTP/1.1" 404 3621
